[debug] [2024-01-31T03:27:59.523Z] ----------------------------------------------------------------------
[debug] [2024-01-31T03:27:59.526Z] Command:       C:\Program Files\nodejs\node.exe C:\Users\Dat one player\AppData\Roaming\npm\node_modules\firebase-tools\lib\bin\firebase.js init hosting:github
[debug] [2024-01-31T03:27:59.527Z] CLI Version:   13.1.0
[debug] [2024-01-31T03:27:59.527Z] Platform:      win32
[debug] [2024-01-31T03:27:59.527Z] Node Version:  v21.6.1
[debug] [2024-01-31T03:27:59.527Z] Time:          Tue Jan 30 2024 19:27:59 GMT-0800 (Pacific Standard Time)
[debug] [2024-01-31T03:27:59.527Z] ----------------------------------------------------------------------
[debug] 
[debug] [2024-01-31T03:27:59.590Z] > command requires scopes: ["email","openid","https://www.googleapis.com/auth/cloudplatformprojects.readonly","https://www.googleapis.com/auth/firebase","https://www.googleapis.com/auth/cloud-platform"]
[debug] [2024-01-31T03:27:59.591Z] > authorizing via signed-in user (abedwell20@gmail.com)
[info] 
     ######## #### ########  ######## ########     ###     ######  ########
     ##        ##  ##     ## ##       ##     ##  ##   ##  ##       ##
     ######    ##  ########  ######   ########  #########  ######  ######
     ##        ##  ##    ##  ##       ##     ## ##     ##       ## ##
     ##       #### ##     ## ######## ########  ##     ##  ######  ########

You're about to initialize a Firebase project in this directory:

  C:\Users\Dat one player\Desktop\personal projects\blog2024

Before we get started, keep in mind:

  * You are initializing within an existing Firebase project directory

[info] 
=== Project Setup
[info] 
[info] First, let's associate this project directory with a Firebase project.
[info] You can create multiple project aliases by running firebase use --add, 
[info] but for now we'll just set up a default project.
[info] 
[debug] [2024-01-31T03:28:02.353Z] Using project from CLI flag: winterblog-7d365
[debug] [2024-01-31T03:28:02.356Z] >>> [apiv2][query] GET https://firebase.googleapis.com/v1beta1/projects/winterblog-7d365 [none]
[debug] [2024-01-31T03:28:02.854Z] <<< [apiv2][status] GET https://firebase.googleapis.com/v1beta1/projects/winterblog-7d365 200
[debug] [2024-01-31T03:28:02.854Z] <<< [apiv2][body] GET https://firebase.googleapis.com/v1beta1/projects/winterblog-7d365 {"projectId":"winterblog-7d365","projectNumber":"900292057453","displayName":"Winterblog","name":"projects/winterblog-7d365","resources":{"hostingSite":"winterblog-7d365","realtimeDatabaseInstance":"winterblog-7d365-default-rtdb"},"state":"ACTIVE","etag":"1_350ebf9b-f585-4e63-9b1b-872106c8b86a"}
[info] i  Using project winterblog-7d365 (Winterblog) 
[info] 
=== Hosting:github Setup
[info] 
[info] i  Detected a .git folder at C:\Users\Dat one player\Desktop\personal projects\blog2024 
[info] i  Authorizing with GitHub to upload your service account to a GitHub repository's secrets store. 
[info] 
[info] Visit this URL on this device to log in:
[info] https://github.com/login/oauth/authorize?client_id=89cf50f02ac6aaed3484&state=490775305&redirect_uri=http%3A%2F%2Flocalhost%3A9005&scope=read%3Auser%20repo%20public_repo
[info] 
[info] Waiting for authentication...
[debug] [2024-01-31T03:28:03.925Z] >>> [apiv2][query] POST https://github.com/login/oauth/access_token [none]
[debug] [2024-01-31T03:28:03.925Z] >>> [apiv2][body] POST https://github.com/login/oauth/access_token [stream]
[debug] [2024-01-31T03:28:04.237Z] <<< [apiv2][status] POST https://github.com/login/oauth/access_token 200
[debug] [2024-01-31T03:28:04.237Z] <<< [apiv2][body] POST https://github.com/login/oauth/access_token {"access_token":"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","token_type":"bearer","scope":"read:user,repo"}
[debug] [2024-01-31T03:28:04.241Z] >>> [apiv2][query] GET https://api.github.com/user [none]
[debug] [2024-01-31T03:28:04.641Z] <<< [apiv2][status] GET https://api.github.com/user 200
[debug] [2024-01-31T03:28:04.641Z] <<< [apiv2][body] GET https://api.github.com/user {"login":"Wintertail","id":78184177,"node_id":"MDQ6VXNlcjc4MTg0MTc3","avatar_url":"https://avatars.githubusercontent.com/u/78184177?v=4","gravatar_id":"","url":"https://api.github.com/users/Wintertail","html_url":"https://github.com/Wintertail","followers_url":"https://api.github.com/users/Wintertail/followers","following_url":"https://api.github.com/users/Wintertail/following{/other_user}","gists_url":"https://api.github.com/users/Wintertail/gists{/gist_id}","starred_url":"https://api.github.com/users/Wintertail/starred{/owner}{/repo}","subscriptions_url":"https://api.github.com/users/Wintertail/subscriptions","organizations_url":"https://api.github.com/users/Wintertail/orgs","repos_url":"https://api.github.com/users/Wintertail/repos","events_url":"https://api.github.com/users/Wintertail/events{/privacy}","received_events_url":"https://api.github.com/users/Wintertail/received_events","type":"User","site_admin":false,"name":"Iondir","company":null,"blog":"","location":null,"email":null,"hireable":null,"bio":null,"twitter_username":null,"public_repos":19,"public_gists":0,"followers":0,"following":0,"created_at":"2021-01-29T00:28:28Z","updated_at":"2024-01-22T02:27:48Z","private_gists":0,"total_private_repos":1,"owned_private_repos":1,"disk_usage":71995,"collaborators":0,"two_factor_authentication":true,"plan":{"name":"free","space":976562499,"collaborators":0,"private_repos":10000}}
[info] 
[info] +  Success! Logged into GitHub as Wintertail 
[info] 
